<?xml version="1.0" encoding="UTF-8"?>
<!-- Generated by org.testng.reporters.JUnitXMLReporter -->
<testsuite ignored="0" hostname="DCSLAP300" failures="0" tests="6" name="Default test" time="0.084" errors="0" timestamp="2025-11-12T16:09:31 IST">
  <testcase classname="com.testNG.packs.TestNGClassThree" name="AcheckLoginFunctionality" time="0.005"/>
  <testcase classname="com.testNG.packs.TestNGClassThree" name="BcheckLoginFunctionality" time="0.003"/>
  <testcase classname="com.testNG.packs.TestNGClassThree" name="CcheckLoginFunctionality" time="0.002"/>
  <testcase classname="com.testNG.packs.TestNGClassThree" name="CheckUserDetails" time="0.003"/>
  <testcase classname="com.testNG.packs.TestNGClassThree" name="CheckUserDetails" time="0.001"/>
  <testcase classname="com.testNG.packs.TestNGClassThree" name="CheckUserDetails" time="0.001"/>
</testsuite> <!-- Default test -->
