<?xml version="1.0" encoding="UTF-8"?>
<!-- Generated by org.testng.reporters.JUnitXMLReporter -->
<testsuite ignored="4" hostname="SIVAGURUVVV" failures="0" tests="1" name="TestTwo" time="0.106" errors="0" timestamp="2025-11-14T06:35:50 IST">
  <testcase classname="com.testNG.packs.TestNGClassThree" name="driverWithURL" time="0.017"/>
  <testcase classname="com.testNG.packs.TestNGClassThree" name="CcheckLoginFunctionality" time="0.0">
    <ignored/>
  </testcase> <!-- CcheckLoginFunctionality -->
  <testcase classname="com.testNG.packs.TestNGClassThree" name="AcheckLoginFunctionality" time="0.0">
    <ignored/>
  </testcase> <!-- AcheckLoginFunctionality -->
  <testcase classname="com.testNG.packs.TestNGClassThree" name="BcheckLoginFunctionality" time="0.0">
    <ignored/>
  </testcase> <!-- BcheckLoginFunctionality -->
  <testcase classname="com.testNG.packs.TestNGClassThree" name="CheckUserDetails" time="0.0">
    <ignored/>
  </testcase> <!-- CheckUserDetails -->
</testsuite> <!-- TestTwo -->
