<?xml version="1.0" encoding="UTF-8"?>
<!-- Generated by org.testng.reporters.JUnitXMLReporter -->
<testsuite ignored="0" hostname="SIVAGURUVVV" failures="6" tests="24" name="Test" time="0.174" errors="0" timestamp="2025-11-16T20:59:09 IST">
  <testcase classname="com.testNG.packs.TestNGClassThree" name="addEmployeeDetails" time="0.008"/>
  <testcase classname="com.testNG.packs.TestNGClassThree" name="checkNewEmployeeDetais" time="0.002"/>
  <testcase classname="com.testNG.packs.TestNGClassThree" name="dashBoradElementIsVisible" time="0.002"/>
  <testcase classname="com.testNG.packs.TestNGClassThree" name="dashBoradElementIsVisible" time="0.002"/>
  <testcase classname="com.testNG.packs.TestNGClassThree" name="dashBoradElementIsVisible" time="0.001"/>
  <testcase classname="com.testNG.packs.TestNGClassThree" name="dashBoradElementIsVisible" time="0.001"/>
  <testcase classname="com.testNG.packs.TestNGClassThree" name="dashBoradElementIsVisible" time="0.001"/>
  <testcase classname="com.testNG.packs.TestNGClassThree" name="driverWithURL" time="0.0">
    <failure type="org.testng.TestNGException" message="
Parameter &amp;apos;browser&amp;apos; is required by @Test on method driverWithURL but has not been marked @Optional or defined
in C:\Users\sivaguruvaithy\eclipse-workspace\OrangeHRM\ListenersRun.xml">
      <![CDATA[org.testng.TestNGException: 
Parameter 'browser' is required by @Test on method driverWithURL but has not been marked @Optional or defined
in C:\Users\sivaguruvaithy\eclipse-workspace\OrangeHRM\ListenersRun.xml
at java.base/java.util.ArrayList.forEach(ArrayList.java:1596)
... Removed 26 stack frames]]>
    </failure>
  </testcase> <!-- driverWithURL -->
  <testcase classname="com.testNG.packs.TestNGClassThree" name="loginPage" time="0.0">
    <failure type="org.testng.TestNGException" message="
Parameter &amp;apos;Name&amp;apos; is required by @Test on method loginPage but has not been marked @Optional or defined
in C:\Users\sivaguruvaithy\eclipse-workspace\OrangeHRM\ListenersRun.xml">
      <![CDATA[org.testng.TestNGException: 
Parameter 'Name' is required by @Test on method loginPage but has not been marked @Optional or defined
in C:\Users\sivaguruvaithy\eclipse-workspace\OrangeHRM\ListenersRun.xml
at java.base/java.util.ArrayList.forEach(ArrayList.java:1596)
... Removed 26 stack frames]]>
    </failure>
  </testcase> <!-- loginPage -->
  <testcase classname="com.testNG.packs.TestNGClassThree" name="loginPage" time="0.0">
    <failure type="org.testng.TestNGException" message="
Parameter &amp;apos;Name&amp;apos; is required by @Test on method loginPage but has not been marked @Optional or defined
in C:\Users\sivaguruvaithy\eclipse-workspace\OrangeHRM\ListenersRun.xml">
      <![CDATA[org.testng.TestNGException: 
Parameter 'Name' is required by @Test on method loginPage but has not been marked @Optional or defined
in C:\Users\sivaguruvaithy\eclipse-workspace\OrangeHRM\ListenersRun.xml
at java.base/java.util.ArrayList.forEach(ArrayList.java:1596)
... Removed 26 stack frames]]>
    </failure>
  </testcase> <!-- loginPage -->
  <testcase classname="com.testNG.packs.TestNGClassThree" name="loginPage" time="0.0">
    <failure type="org.testng.TestNGException" message="
Parameter &amp;apos;Name&amp;apos; is required by @Test on method loginPage but has not been marked @Optional or defined
in C:\Users\sivaguruvaithy\eclipse-workspace\OrangeHRM\ListenersRun.xml">
      <![CDATA[org.testng.TestNGException: 
Parameter 'Name' is required by @Test on method loginPage but has not been marked @Optional or defined
in C:\Users\sivaguruvaithy\eclipse-workspace\OrangeHRM\ListenersRun.xml
at java.base/java.util.ArrayList.forEach(ArrayList.java:1596)
... Removed 26 stack frames]]>
    </failure>
  </testcase> <!-- loginPage -->
  <testcase classname="com.testNG.packs.TestNGClassThree" name="loginPage" time="0.0">
    <failure type="org.testng.TestNGException" message="
Parameter &amp;apos;Name&amp;apos; is required by @Test on method loginPage but has not been marked @Optional or defined
in C:\Users\sivaguruvaithy\eclipse-workspace\OrangeHRM\ListenersRun.xml">
      <![CDATA[org.testng.TestNGException: 
Parameter 'Name' is required by @Test on method loginPage but has not been marked @Optional or defined
in C:\Users\sivaguruvaithy\eclipse-workspace\OrangeHRM\ListenersRun.xml
at java.base/java.util.ArrayList.forEach(ArrayList.java:1596)
... Removed 26 stack frames]]>
    </failure>
  </testcase> <!-- loginPage -->
  <testcase classname="com.testNG.packs.TestNGClassThree" name="loginPage" time="0.0">
    <failure type="org.testng.TestNGException" message="
Parameter &amp;apos;Name&amp;apos; is required by @Test on method loginPage but has not been marked @Optional or defined
in C:\Users\sivaguruvaithy\eclipse-workspace\OrangeHRM\ListenersRun.xml">
      <![CDATA[org.testng.TestNGException: 
Parameter 'Name' is required by @Test on method loginPage but has not been marked @Optional or defined
in C:\Users\sivaguruvaithy\eclipse-workspace\OrangeHRM\ListenersRun.xml
at java.base/java.util.ArrayList.forEach(ArrayList.java:1596)
... Removed 26 stack frames]]>
    </failure>
  </testcase> <!-- loginPage -->
  <testcase classname="com.testNG.packs.TestNGClassThree" name="loginPageRegression" time="0.001"/>
  <testcase classname="com.testNG.packs.TestNGClassThree" name="loginPageRegression" time="0.001"/>
  <testcase classname="com.testNG.packs.TestNGClassThree" name="loginPageRegression" time="0.001"/>
  <testcase classname="com.testNG.packs.TestNGClassThree" name="loginPageRegression" time="0.001"/>
  <testcase classname="com.testNG.packs.TestNGClassThree" name="loginPageRegression" time="0.001"/>
  <testcase classname="com.testNG.packs.TestNGClassThree" name="BcheckLoginFunctionality" time="0.001"/>
  <testcase classname="com.testNG.packs.TestNGClassThree" name="AcheckLoginFunctionality" time="0.001"/>
  <testcase classname="com.testNG.packs.TestNGClassThree" name="CcheckLoginFunctionality" time="0.001"/>
  <testcase classname="com.testNG.packs.TestNGClassThree" name="CheckUserDetails" time="0.004"/>
  <testcase classname="com.testNG.packs.TestNGClassThree" name="CheckUserDetails" time="0.001"/>
  <testcase classname="com.testNG.packs.TestNGClassThree" name="CheckUserDetails" time="0.001"/>
</testsuite> <!-- Test -->
