<?xml version="1.0" encoding="UTF-8"?>
<!-- Generated by org.testng.reporters.JUnitXMLReporter -->
<testsuite ignored="3" hostname="DCSLAP300" failures="0" tests="3" name="Test" time="0.056" errors="0" timestamp="2025-11-12T17:31:57 IST">
  <testcase classname="com.testNG.packs.TestNGClassThree" name="CheckUserDetails" time="0.007"/>
  <testcase classname="com.testNG.packs.TestNGClassThree" name="CheckUserDetails" time="0.002"/>
  <testcase classname="com.testNG.packs.TestNGClassThree" name="CheckUserDetails" time="0.001"/>
  <testcase classname="com.testNG.packs.TestNGClassThree" name="CcheckLoginFunctionality" time="0.0">
    <ignored/>
  </testcase> <!-- CcheckLoginFunctionality -->
  <testcase classname="com.testNG.packs.TestNGClassThree" name="BcheckLoginFunctionality" time="0.0">
    <ignored/>
  </testcase> <!-- BcheckLoginFunctionality -->
  <testcase classname="com.testNG.packs.TestNGClassThree" name="AcheckLoginFunctionality" time="0.0">
    <ignored/>
  </testcase> <!-- AcheckLoginFunctionality -->
</testsuite> <!-- Test -->
