<?xml version="1.0" encoding="UTF-8"?>
<!-- Generated by org.testng.reporters.JUnitXMLReporter -->
<testsuite ignored="4" hostname="DCSLAP300" failures="0" tests="1" name="Testone" time="0.059" errors="0" timestamp="2025-11-13T17:39:52 IST">
  <testcase classname="com.testNG.packs.TestNGClassThree" name="driverWithURL" time="0.011"/>
  <testcase classname="com.testNG.packs.TestNGClassThree" name="CcheckLoginFunctionality" time="0.0">
    <ignored/>
  </testcase> <!-- CcheckLoginFunctionality -->
  <testcase classname="com.testNG.packs.TestNGClassThree" name="CheckUserDetails" time="0.0">
    <ignored/>
  </testcase> <!-- CheckUserDetails -->
  <testcase classname="com.testNG.packs.TestNGClassThree" name="AcheckLoginFunctionality" time="0.0">
    <ignored/>
  </testcase> <!-- AcheckLoginFunctionality -->
  <testcase classname="com.testNG.packs.TestNGClassThree" name="BcheckLoginFunctionality" time="0.0">
    <ignored/>
  </testcase> <!-- BcheckLoginFunctionality -->
</testsuite> <!-- Testone -->
