<?xml version="1.0" encoding="UTF-8"?>
<!-- Generated by org.testng.reporters.JUnitXMLReporter -->
<testsuite ignored="6" hostname="SIVAGURUVVV" failures="5" tests="5" name="Test" time="15.188" errors="0" timestamp="2025-11-15T19:33:19 IST">
  <testcase classname="com.testNG.packs.TestNGClassThree" name="loginPage" time="3.033">
    <failure type="org.testng.internal.thread.ThreadTimeoutException" message="Method com.testNG.packs.TestNGClassThree.loginPage() didn&amp;apos;t finish within the time-out 3000">
      <![CDATA[org.testng.internal.thread.ThreadTimeoutException: Method com.testNG.packs.TestNGClassThree.loginPage() didn't finish within the time-out 3000
at java.base/java.lang.Thread.sleep0(Native Method)
at java.base/java.lang.Thread.sleep(Thread.java:509)
at com.testNG.packs.TestNGClassThree.loginPage(TestNGClassThree.java:109)
at java.base/java.util.concurrent.FutureTask.run(FutureTask.java:317)
at java.base/java.util.concurrent.ThreadPoolExecutor.runWorker(ThreadPoolExecutor.java:1144)
at java.base/java.util.concurrent.ThreadPoolExecutor$Worker.run(ThreadPoolExecutor.java:642)
at java.base/java.lang.Thread.run(Thread.java:1583)
... Removed 6 stack frames]]>
    </failure>
  </testcase> <!-- loginPage -->
  <testcase classname="com.testNG.packs.TestNGClassThree" name="loginPage" time="3.018">
    <failure type="org.testng.internal.thread.ThreadTimeoutException" message="Method com.testNG.packs.TestNGClassThree.loginPage() didn&amp;apos;t finish within the time-out 3000">
      <![CDATA[org.testng.internal.thread.ThreadTimeoutException: Method com.testNG.packs.TestNGClassThree.loginPage() didn't finish within the time-out 3000
at java.base/java.lang.Thread.sleep0(Native Method)
at java.base/java.lang.Thread.sleep(Thread.java:509)
at com.testNG.packs.TestNGClassThree.loginPage(TestNGClassThree.java:109)
at java.base/java.util.concurrent.FutureTask.run(FutureTask.java:317)
at java.base/java.util.concurrent.ThreadPoolExecutor.runWorker(ThreadPoolExecutor.java:1144)
at java.base/java.util.concurrent.ThreadPoolExecutor$Worker.run(ThreadPoolExecutor.java:642)
at java.base/java.lang.Thread.run(Thread.java:1583)
... Removed 6 stack frames]]>
    </failure>
  </testcase> <!-- loginPage -->
  <testcase classname="com.testNG.packs.TestNGClassThree" name="loginPage" time="3.008">
    <failure type="org.testng.internal.thread.ThreadTimeoutException" message="Method com.testNG.packs.TestNGClassThree.loginPage() didn&amp;apos;t finish within the time-out 3000">
      <![CDATA[org.testng.internal.thread.ThreadTimeoutException: Method com.testNG.packs.TestNGClassThree.loginPage() didn't finish within the time-out 3000
at java.base/java.lang.Thread.sleep0(Native Method)
at java.base/java.lang.Thread.sleep(Thread.java:509)
at com.testNG.packs.TestNGClassThree.loginPage(TestNGClassThree.java:109)
at java.base/java.util.concurrent.FutureTask.run(FutureTask.java:317)
at java.base/java.util.concurrent.ThreadPoolExecutor.runWorker(ThreadPoolExecutor.java:1144)
at java.base/java.util.concurrent.ThreadPoolExecutor$Worker.run(ThreadPoolExecutor.java:642)
at java.base/java.lang.Thread.run(Thread.java:1583)
... Removed 6 stack frames]]>
    </failure>
  </testcase> <!-- loginPage -->
  <testcase classname="com.testNG.packs.TestNGClassThree" name="loginPage" time="3.015">
    <failure type="org.testng.internal.thread.ThreadTimeoutException" message="Method com.testNG.packs.TestNGClassThree.loginPage() didn&amp;apos;t finish within the time-out 3000">
      <![CDATA[org.testng.internal.thread.ThreadTimeoutException: Method com.testNG.packs.TestNGClassThree.loginPage() didn't finish within the time-out 3000
at java.base/java.lang.Thread.sleep0(Native Method)
at java.base/java.lang.Thread.sleep(Thread.java:509)
at com.testNG.packs.TestNGClassThree.loginPage(TestNGClassThree.java:109)
at java.base/java.util.concurrent.FutureTask.run(FutureTask.java:317)
at java.base/java.util.concurrent.ThreadPoolExecutor.runWorker(ThreadPoolExecutor.java:1144)
at java.base/java.util.concurrent.ThreadPoolExecutor$Worker.run(ThreadPoolExecutor.java:642)
at java.base/java.lang.Thread.run(Thread.java:1583)
... Removed 6 stack frames]]>
    </failure>
  </testcase> <!-- loginPage -->
  <testcase classname="com.testNG.packs.TestNGClassThree" name="loginPage" time="3.012">
    <failure type="org.testng.internal.thread.ThreadTimeoutException" message="Method com.testNG.packs.TestNGClassThree.loginPage() didn&amp;apos;t finish within the time-out 3000">
      <![CDATA[org.testng.internal.thread.ThreadTimeoutException: Method com.testNG.packs.TestNGClassThree.loginPage() didn't finish within the time-out 3000
at java.base/java.lang.Thread.sleep0(Native Method)
at java.base/java.lang.Thread.sleep(Thread.java:509)
at com.testNG.packs.TestNGClassThree.loginPage(TestNGClassThree.java:109)
at java.base/java.util.concurrent.FutureTask.run(FutureTask.java:317)
at java.base/java.util.concurrent.ThreadPoolExecutor.runWorker(ThreadPoolExecutor.java:1144)
at java.base/java.util.concurrent.ThreadPoolExecutor$Worker.run(ThreadPoolExecutor.java:642)
at java.base/java.lang.Thread.run(Thread.java:1583)
... Removed 6 stack frames]]>
    </failure>
  </testcase> <!-- loginPage -->
  <testcase classname="com.testNG.packs.TestNGClassThree" name="driverWithURL" time="0.0">
    <ignored/>
  </testcase> <!-- driverWithURL -->
  <testcase classname="com.testNG.packs.TestNGClassThree" name="BcheckLoginFunctionality" time="0.0">
    <ignored/>
  </testcase> <!-- BcheckLoginFunctionality -->
  <testcase classname="com.testNG.packs.TestNGClassThree" name="CheckUserDetails" time="0.0">
    <ignored/>
  </testcase> <!-- CheckUserDetails -->
  <testcase classname="com.testNG.packs.TestNGClassThree" name="loginPageRegression" time="0.0">
    <ignored/>
  </testcase> <!-- loginPageRegression -->
  <testcase classname="com.testNG.packs.TestNGClassThree" name="AcheckLoginFunctionality" time="0.0">
    <ignored/>
  </testcase> <!-- AcheckLoginFunctionality -->
  <testcase classname="com.testNG.packs.TestNGClassThree" name="CcheckLoginFunctionality" time="0.0">
    <ignored/>
  </testcase> <!-- CcheckLoginFunctionality -->
</testsuite> <!-- Test -->
