<?xml version="1.0" encoding="UTF-8"?>
<!-- Generated by org.testng.reporters.JUnitReportReporter -->
<testsuite hostname="DCSLAP300" failures="0" tests="3" name="com.testNG.packs.TestNGClassTwo" time="0.014" errors="0" timestamp="2025-11-11T17:39:23 IST" skipped="0">
  <testcase classname="com.testNG.packs.TestNGClassTwo" name="CheckLogin" time="0.004"/>
  <testcase classname="com.testNG.packs.TestNGClassTwo" name="CheckDashBoard" time="0.006"/>
  <testcase classname="com.testNG.packs.TestNGClassTwo" name="CheckUserDetails" time="0.004"/>
</testsuite> <!-- com.testNG.packs.TestNGClassTwo -->
