<?xml version="1.0" encoding="UTF-8"?>
<!-- Generated by org.testng.reporters.JUnitReportReporter -->
<testsuite hostname="DCSLAP300" failures="0" tests="2" name="com.testNG.packs.TestNGClassThree" time="0.025" errors="0" timestamp="2025-11-13T17:39:53 IST" skipped="0">
  <testcase classname="com.testNG.packs.TestNGClassThree" name="driverWithURL" time="0.013"/>
  <testcase classname="com.testNG.packs.TestNGClassThree" name="driverWithURL" time="0.012"/>
</testsuite> <!-- com.testNG.packs.TestNGClassThree -->
