<?xml version="1.0" encoding="UTF-8"?>
<!-- Generated by org.testng.reporters.JUnitReportReporter -->
<testsuite hostname="DCSLAP300" failures="0" tests="2" name="com.pages.test.logintest" time="289.526" errors="1" timestamp="2025-11-24T17:13:09 IST" skipped="0">
  <testcase classname="com.pages.test.logintest" name="ValidLogin" time="49.934"/>
  <testcase classname="com.pages.test.logintest" name="validateAddEmployee" time="239.592">
    <error message="Text &#039;46021&#039; could not be parsed at index 0" type="java.time.format.DateTimeParseException">
      <![CDATA[java.time.format.DateTimeParseException: Text '46021' could not be parsed at index 0
at java.base/java.time.format.DateTimeFormatter.parseResolved0(DateTimeFormatter.java:2108)
at java.base/java.time.format.DateTimeFormatter.parse(DateTimeFormatter.java:2010)
at java.base/java.time.LocalDate.parse(LocalDate.java:435)
at java.base/java.time.LocalDate.parse(LocalDate.java:420)
at com.common.actions.SelectDate.selectGivenDate(SelectDate.java:23)
at com.pages.test.AddEmployeeDetails.AddEmployee(AddEmployeeDetails.java:63)
at com.pages.test.logintest.validateAddEmployee(logintest.java:76)
at java.base/jdk.internal.reflect.DirectMethodHandleAccessor.invoke(DirectMethodHandleAccessor.java:103)
at java.base/java.lang.reflect.Method.invoke(Method.java:580)
at org.testng.internal.invokers.MethodInvocationHelper.invokeMethod(MethodInvocationHelper.java:141)
at org.testng.internal.invokers.TestInvoker.invokeMethod(TestInvoker.java:687)
at org.testng.internal.invokers.TestInvoker.invokeTestMethod(TestInvoker.java:230)
at org.testng.internal.invokers.MethodRunner.runInSequence(MethodRunner.java:63)
at org.testng.internal.invokers.TestInvoker$MethodInvocationAgent.invoke(TestInvoker.java:995)
at org.testng.internal.invokers.TestInvoker.invokeTestMethods(TestInvoker.java:203)
at org.testng.internal.invokers.TestMethodWorker.invokeTestMethods(TestMethodWorker.java:154)
at org.testng.internal.invokers.TestMethodWorker.run(TestMethodWorker.java:134)
at java.base/java.util.ArrayList.forEach(ArrayList.java:1597)
at org.testng.TestRunner.privateRun(TestRunner.java:741)
at org.testng.TestRunner.run(TestRunner.java:616)
at org.testng.SuiteRunner.runTest(SuiteRunner.java:421)
at org.testng.SuiteRunner.runSequentially(SuiteRunner.java:413)
at org.testng.SuiteRunner.privateRun(SuiteRunner.java:373)
at org.testng.SuiteRunner.run(SuiteRunner.java:312)
at org.testng.SuiteRunnerWorker.runSuite(SuiteRunnerWorker.java:52)
at org.testng.SuiteRunnerWorker.run(SuiteRunnerWorker.java:95)
at org.testng.TestNG.runSuitesSequentially(TestNG.java:1274)
at org.testng.TestNG.runSuitesLocally(TestNG.java:1208)
at org.testng.TestNG.runSuites(TestNG.java:1112)
at org.testng.TestNG.run(TestNG.java:1079)
at org.testng.remote.AbstractRemoteTestNG.run(AbstractRemoteTestNG.java:115)
at org.testng.remote.RemoteTestNG.initAndRun(RemoteTestNG.java:293)
at org.testng.remote.RemoteTestNG.main(RemoteTestNG.java:91)
]]>
    </error>
  </testcase> <!-- validateAddEmployee -->
</testsuite> <!-- com.pages.test.logintest -->
